<?xml version="1.0" encoding="UTF-8"?>
<testsuite xmlns:xsi="http://www.w3.org/2001/XMLSchema-instance" xsi:schemaLocation="https://maven.apache.org/surefire/maven-surefire-plugin/xsd/surefire-test-report.xsd" name="test.java.steps.RunCucumberTest" time="479.262" tests="43" errors="0" skipped="0" failures="4">
  <properties>
[...]
</properties>
  <testcase name="Когда открыт браузер &quot;chrome&quot;" classname="Сценарий: Поиск в яндекс-маркете планшетов Acer и Dell" time="2.422"/>
  <testcase name="И открыт url &quot;yandex.ru&quot;" classname="Сценарий: Поиск в яндекс-маркете планшетов Acer и Dell" time="0"/>
  <testcase name="То открыта главная страница yandex.ru" classname="Сценарий: Поиск в яндекс-маркете планшетов Acer и Dell" time="0.025"/>
  <testcase name="Когда на главной странице выбран пункт меню услуг &gt; &quot;Маркет&quot;" classname="Сценарий: Поиск в яндекс-маркете планшетов Acer и Dell" time="0"/>
  <testcase name="То открыта главная страница Яндекс.Маркет" classname="Сценарий: Поиск в яндекс-маркете планшетов Acer и Dell" time="0"/>
  <testcase name="Когда выбран раздел меню &gt; &quot;Компьютеры&quot;" classname="Сценарий: Поиск в яндекс-маркете планшетов Acer и Dell" time="0.002"/>
  <testcase name="То открыта страница &quot;Компьютерная техника&quot;" classname="Сценарий: Поиск в яндекс-маркете планшетов Acer и Dell" time="0"/>
  <testcase name="Когда выбран раздел левого меню &quot;Компьютеры&quot; &gt; &quot;Планшеты&quot;" classname="Сценарий: Поиск в яндекс-маркете планшетов Acer и Dell" time="0.02"/>
  <testcase name="То открыта страница продуктов &quot;Планшеты&quot;" classname="Сценарий: Поиск в яндекс-маркете планшетов Acer и Dell" time="0"/>
  <testcase name="Когда нажата ссылка &quot;Расширенный поиск&quot;" classname="Сценарий: Поиск в яндекс-маркете планшетов Acer и Dell" time="0"/>
  <testcase name="То открыта страница расширенного поиска продуктов &quot;Планшеты&quot;" classname="Сценарий: Поиск в яндекс-маркете планшетов Acer и Dell" time="0"/>
  <testcase name="Когда в фильтре заполнена цена поиска от &quot;20000&quot; рублей" classname="Сценарий: Поиск в яндекс-маркете планшетов Acer и Dell" time="0"/>
  <testcase name="И в фильтре заполнена цена поиска до &quot;30000&quot; рублей" classname="Сценарий: Поиск в яндекс-маркете планшетов Acer и Dell" time="0"/>
  <testcase name="И в фильтре выбран производитель &quot;Acer&quot;" classname="Сценарий: Поиск в яндекс-маркете планшетов Acer и Dell" time="0"/>
  <testcase name="И в фильтре выбран производитель &quot;DELL&quot;" classname="Сценарий: Поиск в яндекс-маркете планшетов Acer и Dell" time="0"/>
  <testcase name="И в &quot;фильтре&quot; нажата кнопка &quot;Применить&quot;" classname="Сценарий: Поиск в яндекс-маркете планшетов Acer и Dell" time="0"/>
  <testcase name="То на странице отображено &quot;10&quot; товаров" classname="Сценарий: Поиск в яндекс-маркете планшетов Acer и Dell" time="0"/>
  <testcase name="И запомнено наименование &quot;1&quot;-го товара в списке" classname="Сценарий: Поиск в яндекс-маркете планшетов Acer и Dell" time="0"/>
  <testcase name="Когда в поисковую строку Яндекс.Маркет введено &quot;запомненное наименование&quot;" classname="Сценарий: Поиск в яндекс-маркете планшетов Acer и Dell" time="0"/>
  <testcase name="И в &quot;поиске&quot; нажата кнопка &quot;Найти&quot;" classname="Сценарий: Поиск в яндекс-маркете планшетов Acer и Dell" time="0"/>
  <testcase name="То отображен продукт с искомым наименованием" classname="Сценарий: Поиск в яндекс-маркете планшетов Acer и Dell" time="0.241">
    <failure message="Element not found {By.xpath: //div[@class=&apos;product-card__header&apos;]//h1[contains(text(),&apos;Acer One 10 Z3735F 32Gb&apos;)]}&#10;Expected: exist" type="com.codeborne.selenide.ex.ElementNotFound">com.codeborne.selenide.ex.ElementNotFound: 
Element not found {By.xpath: //div[@class='product-card__header']//h1[contains(text(),'Acer One 10 Z3735F 32Gb')]}
Expected: exist
Caused by: org.openqa.selenium.NoSuchElementException: 
no such element: Unable to locate element: {"method":"xpath","selector":"//div[@class='product-card__header']//h1[contains(text(),'Acer One 10 Z3735F 32Gb')]"}
  (Session info: chrome=52.0.2743.116)
  (Driver info: chromedriver=2.22.397933 (1cab651507b88dec79b2b2a22d1943c01833cc1b),platform=Windows NT 6.3.9600 x86_64) (WARNING: The server did not provide any stacktrace information)
Command duration or timeout: 38 milliseconds
For documentation on this error, please visit: http://seleniumhq.org/exceptions/no_such_element.html
Build info: version: '2.53.0', revision: '35ae25b1534ae328c771e0856c93e187490ca824', time: '2016-03-15 10:43:46'
System info: host: 'WIN-ESJSNAH4946', ip: '137.74.158.243', os.name: 'Windows Server 2012 R2', os.arch: 'amd64', os.version: '6.3', java.version: '1.8.0_102'
Driver info: org.openqa.selenium.chrome.ChromeDriver
Capabilities [{applicationCacheEnabled=false, rotatable=false, mobileEmulationEnabled=false, chrome={chromedriverVersion=2.22.397933 (1cab651507b88dec79b2b2a22d1943c01833cc1b), userDataDir=C:\Users\836D~1\AppData\Local\Temp\2\scoped_dir5860_22757}, takesHeapSnapshot=true, databaseEnabled=false, handlesAlerts=true, hasTouchScreen=false, version=52.0.2743.116, platform=WIN8_1, browserConnectionEnabled=false, nativeEvents=true, acceptSslCerts=true, locationContextEnabled=true, webStorageEnabled=true, browserName=chrome, takesScreenshot=true, javascriptEnabled=true, cssSelectorsEnabled=true}]
Session ID: 21dcd0120f81e1ba3d872e2deda67ef8
*** Element info: {Using=xpath, value=//div[@class='product-card__header']//h1[contains(text(),'Acer One 10 Z3735F 32Gb')]}
</failure>
    <system-out><![CDATA[&amp#27;[32m2016-08-15 06:29:35.763  &amp#27;[34mПроверяем, что найден искомый продукт Acer One 10 Z3735F 32Gb&amp#27;[0m
&amp#27;[34m<b>Проверяем, что найден искомый продукт Acer One 10 Z3735F 32Gb</b>&amp#27;[0m
]]></system-out>
  </testcase>
  <testcase name="Сценарий: Поиск в яндекс-маркете планшетов Acer и Dell" classname="Сценарий: Поиск в яндекс-маркете планшетов Acer и Dell" time="0.331">
    <failure message="Element not found {By.xpath: //div[@class=&apos;product-card__header&apos;]//h1[contains(text(),&apos;Acer One 10 Z3735F 32Gb&apos;)]}&#10;Expected: exist" type="com.codeborne.selenide.ex.ElementNotFound">com.codeborne.selenide.ex.ElementNotFound: 
Element not found {By.xpath: //div[@class='product-card__header']//h1[contains(text(),'Acer One 10 Z3735F 32Gb')]}
Expected: exist
Caused by: org.openqa.selenium.NoSuchElementException: 
no such element: Unable to locate element: {"method":"xpath","selector":"//div[@class='product-card__header']//h1[contains(text(),'Acer One 10 Z3735F 32Gb')]"}
  (Session info: chrome=52.0.2743.116)
  (Driver info: chromedriver=2.22.397933 (1cab651507b88dec79b2b2a22d1943c01833cc1b),platform=Windows NT 6.3.9600 x86_64) (WARNING: The server did not provide any stacktrace information)
Command duration or timeout: 38 milliseconds
For documentation on this error, please visit: http://seleniumhq.org/exceptions/no_such_element.html
Build info: version: '2.53.0', revision: '35ae25b1534ae328c771e0856c93e187490ca824', time: '2016-03-15 10:43:46'
System info: host: 'WIN-ESJSNAH4946', ip: '137.74.158.243', os.name: 'Windows Server 2012 R2', os.arch: 'amd64', os.version: '6.3', java.version: '1.8.0_102'
Driver info: org.openqa.selenium.chrome.ChromeDriver
Capabilities [{applicationCacheEnabled=false, rotatable=false, mobileEmulationEnabled=false, chrome={chromedriverVersion=2.22.397933 (1cab651507b88dec79b2b2a22d1943c01833cc1b), userDataDir=C:\Users\836D~1\AppData\Local\Temp\2\scoped_dir5860_22757}, takesHeapSnapshot=true, databaseEnabled=false, handlesAlerts=true, hasTouchScreen=false, version=52.0.2743.116, platform=WIN8_1, browserConnectionEnabled=false, nativeEvents=true, acceptSslCerts=true, locationContextEnabled=true, webStorageEnabled=true, browserName=chrome, takesScreenshot=true, javascriptEnabled=true, cssSelectorsEnabled=true}]
Session ID: 21dcd0120f81e1ba3d872e2deda67ef8
*** Element info: {Using=xpath, value=//div[@class='product-card__header']//h1[contains(text(),'Acer One 10 Z3735F 32Gb')]}
</failure>
  </testcase>
  <testcase name="Когда открыт браузер &quot;chrome&quot;" classname="Сценарий: Поиск ноутбуков HP и Lenovo" time="0"/>
  <testcase name="И открыт url &quot;yandex.ru&quot;" classname="Сценарий: Поиск ноутбуков HP и Lenovo" time="0"/>
  <testcase name="То открыта главная страница yandex.ru" classname="Сценарий: Поиск ноутбуков HP и Lenovo" time="0"/>
  <testcase name="Когда на главной странице выбран пункт меню услуг &gt; &quot;Маркет&quot;" classname="Сценарий: Поиск ноутбуков HP и Lenovo" time="0"/>
  <testcase name="То открыта главная страница Яндекс.Маркет" classname="Сценарий: Поиск ноутбуков HP и Lenovo" time="0"/>
  <testcase name="Когда выбран раздел меню &gt; &quot;Компьютеры&quot;" classname="Сценарий: Поиск ноутбуков HP и Lenovo" time="0"/>
  <testcase name="То открыта страница &quot;Компьютерная техника&quot;" classname="Сценарий: Поиск ноутбуков HP и Lenovo" time="0.001"/>
  <testcase name="Когда выбран раздел левого меню &quot;Компьютеры&quot; &gt; &quot;Ноутбуки&quot;" classname="Сценарий: Поиск ноутбуков HP и Lenovo" time="0"/>
  <testcase name="То открыта страница продуктов &quot;Ноутбуки&quot;" classname="Сценарий: Поиск ноутбуков HP и Lenovo" time="0"/>
  <testcase name="Когда нажата ссылка &quot;Расширенный поиск&quot;" classname="Сценарий: Поиск ноутбуков HP и Lenovo" time="0"/>
  <testcase name="То открыта страница расширенного поиска продуктов &quot;Ноутбуки&quot;" classname="Сценарий: Поиск ноутбуков HP и Lenovo" time="0"/>
  <testcase name="Когда в фильтре заполнена цена поиска до &quot;30000&quot; рублей" classname="Сценарий: Поиск ноутбуков HP и Lenovo" time="0"/>
  <testcase name="И в фильтре выбран производитель &quot;HP&quot;" classname="Сценарий: Поиск ноутбуков HP и Lenovo" time="0"/>
  <testcase name="И в фильтре выбран производитель &quot;Lenovo&quot;" classname="Сценарий: Поиск ноутбуков HP и Lenovo" time="0"/>
  <testcase name="И в &quot;фильтре&quot; нажата кнопка &quot;Применить&quot;" classname="Сценарий: Поиск ноутбуков HP и Lenovo" time="0"/>
  <testcase name="То на странице отображено &quot;10&quot; товаров" classname="Сценарий: Поиск ноутбуков HP и Lenovo" time="0"/>
  <testcase name="И запомнено наименование &quot;1&quot;-го товара в списке" classname="Сценарий: Поиск ноутбуков HP и Lenovo" time="0.001"/>
  <testcase name="Когда в поисковую строку Яндекс.Маркет введено &quot;запомненное наименование&quot;" classname="Сценарий: Поиск ноутбуков HP и Lenovo" time="0"/>
  <testcase name="И в &quot;поиске&quot; нажата кнопка &quot;Найти&quot;" classname="Сценарий: Поиск ноутбуков HP и Lenovo" time="0"/>
  <testcase name="То отображен продукт с искомым наименованием" classname="Сценарий: Поиск ноутбуков HP и Lenovo" time="0">
    <failure message="Element not found {By.xpath: //div[@class=&apos;product-card__header&apos;]//h1[contains(text(),&apos;Lenovo IdeaPad 100 15&apos;)]}&#10;Expected: exist" type="com.codeborne.selenide.ex.ElementNotFound">com.codeborne.selenide.ex.ElementNotFound: 
Element not found {By.xpath: //div[@class='product-card__header']//h1[contains(text(),'Lenovo IdeaPad 100 15')]}
Expected: exist
Caused by: org.openqa.selenium.NoSuchElementException: 
no such element: Unable to locate element: {"method":"xpath","selector":"//div[@class='product-card__header']//h1[contains(text(),'Lenovo IdeaPad 100 15')]"}
  (Session info: chrome=52.0.2743.116)
  (Driver info: chromedriver=2.22.397933 (1cab651507b88dec79b2b2a22d1943c01833cc1b),platform=Windows NT 6.3.9600 x86_64) (WARNING: The server did not provide any stacktrace information)
Command duration or timeout: 24 milliseconds
For documentation on this error, please visit: http://seleniumhq.org/exceptions/no_such_element.html
Build info: version: '2.53.0', revision: '35ae25b1534ae328c771e0856c93e187490ca824', time: '2016-03-15 10:43:46'
System info: host: 'WIN-ESJSNAH4946', ip: '137.74.158.243', os.name: 'Windows Server 2012 R2', os.arch: 'amd64', os.version: '6.3', java.version: '1.8.0_102'
Driver info: org.openqa.selenium.chrome.ChromeDriver
Capabilities [{applicationCacheEnabled=false, rotatable=false, mobileEmulationEnabled=false, chrome={chromedriverVersion=2.22.397933 (1cab651507b88dec79b2b2a22d1943c01833cc1b), userDataDir=C:\Users\836D~1\AppData\Local\Temp\2\scoped_dir4880_8380}, takesHeapSnapshot=true, databaseEnabled=false, handlesAlerts=true, hasTouchScreen=false, version=52.0.2743.116, platform=WIN8_1, browserConnectionEnabled=false, nativeEvents=true, acceptSslCerts=true, locationContextEnabled=true, webStorageEnabled=true, browserName=chrome, takesScreenshot=true, javascriptEnabled=true, cssSelectorsEnabled=true}]
Session ID: ab2a5c60c4c334a429b0fe141e76ed46
*** Element info: {Using=xpath, value=//div[@class='product-card__header']//h1[contains(text(),'Lenovo IdeaPad 100 15')]}
</failure>
    <system-out><![CDATA[&amp#27;[32m2016-08-15 06:31:42.580  &amp#27;[34mПроверяем, что найден искомый продукт Lenovo IdeaPad 100 15&amp#27;[0m
&amp#27;[34m<b>Проверяем, что найден искомый продукт Lenovo IdeaPad 100 15</b>&amp#27;[0m
]]></system-out>
  </testcase>
  <testcase name="Сценарий: Поиск ноутбуков HP и Lenovo" classname="Сценарий: Поиск ноутбуков HP и Lenovo" time="0.006">
    <failure message="Element not found {By.xpath: //div[@class=&apos;product-card__header&apos;]//h1[contains(text(),&apos;Lenovo IdeaPad 100 15&apos;)]}&#10;Expected: exist" type="com.codeborne.selenide.ex.ElementNotFound">com.codeborne.selenide.ex.ElementNotFound: 
Element not found {By.xpath: //div[@class='product-card__header']//h1[contains(text(),'Lenovo IdeaPad 100 15')]}
Expected: exist
Caused by: org.openqa.selenium.NoSuchElementException: 
no such element: Unable to locate element: {"method":"xpath","selector":"//div[@class='product-card__header']//h1[contains(text(),'Lenovo IdeaPad 100 15')]"}
  (Session info: chrome=52.0.2743.116)
  (Driver info: chromedriver=2.22.397933 (1cab651507b88dec79b2b2a22d1943c01833cc1b),platform=Windows NT 6.3.9600 x86_64) (WARNING: The server did not provide any stacktrace information)
Command duration or timeout: 24 milliseconds
For documentation on this error, please visit: http://seleniumhq.org/exceptions/no_such_element.html
Build info: version: '2.53.0', revision: '35ae25b1534ae328c771e0856c93e187490ca824', time: '2016-03-15 10:43:46'
System info: host: 'WIN-ESJSNAH4946', ip: '137.74.158.243', os.name: 'Windows Server 2012 R2', os.arch: 'amd64', os.version: '6.3', java.version: '1.8.0_102'
Driver info: org.openqa.selenium.chrome.ChromeDriver
Capabilities [{applicationCacheEnabled=false, rotatable=false, mobileEmulationEnabled=false, chrome={chromedriverVersion=2.22.397933 (1cab651507b88dec79b2b2a22d1943c01833cc1b), userDataDir=C:\Users\836D~1\AppData\Local\Temp\2\scoped_dir4880_8380}, takesHeapSnapshot=true, databaseEnabled=false, handlesAlerts=true, hasTouchScreen=false, version=52.0.2743.116, platform=WIN8_1, browserConnectionEnabled=false, nativeEvents=true, acceptSslCerts=true, locationContextEnabled=true, webStorageEnabled=true, browserName=chrome, takesScreenshot=true, javascriptEnabled=true, cssSelectorsEnabled=true}]
Session ID: ab2a5c60c4c334a429b0fe141e76ed46
*** Element info: {Using=xpath, value=//div[@class='product-card__header']//h1[contains(text(),'Lenovo IdeaPad 100 15')]}
</failure>
  </testcase>
</testsuite>